#
# There is insufficient memory for the Java Runtime Environment to continue.
# Native memory allocation (malloc) failed to allocate 1048576 bytes for AllocateHeap
# Possible reasons:
#   The system is out of physical RAM or swap space
#   The process is running with CompressedOops enabled, and the Java Heap may be blocking the growth of the native heap
# Possible solutions:
#   Reduce memory load on the system
#   Increase physical memory or swap space
#   Check if swap backing store is full
#   Decrease Java heap size (-Xmx/-Xms)
#   Decrease number of Java threads
#   Decrease Java thread stack sizes (-Xss)
#   Set larger code cache with -XX:ReservedCodeCacheSize=
#   JVM is running with Unscaled Compressed Oops mode in which the Java heap is
#     placed in the first 4GB address space. The Java Heap base address is the
#     maximum limit for the native heap growth. Please use -XX:HeapBaseMinAddress
#     to set the Java Heap base and to place the Java Heap above 4GB virtual address.
# This output file may be truncated or incomplete.
#
#  Out of Memory Error (allocation.cpp:44), pid=7304, tid=16896
#
# JRE version:  (17.0.7+7) (build )
# Java VM: OpenJDK 64-Bit Server VM (17.0.7+7-b1000.6, mixed mode, sharing, tiered, compressed oops, compressed class ptrs, g1 gc, windows-amd64)
# No core dump will be written. Minidumps are not enabled by default on client versions of Windows
#

---------------  S U M M A R Y ------------

Command Line: git4idea.http.GitAskPassApp Password for 'https://micz2002@github.com': 

Host: Intel(R) Core(TM) i5-4590 CPU @ 3.30GHz, 4 cores, 15G,  Windows 10 , 64 bit Build 19041 (10.0.19041.5072)
Time: Sun Dec  8 21:35:02 2024  Windows 10 , 64 bit Build 19041 (10.0.19041.5072) elapsed time: 2.859532 seconds (0d 0h 0m 2s)

---------------  T H R E A D  ---------------

Current thread (0x000001b9a3802930):  JavaThread "Unknown thread" [_thread_in_vm, id=16896, stack(0x000000831de00000,0x000000831df00000)]

Stack: [0x000000831de00000,0x000000831df00000]
Native frames: (J=compiled Java code, j=interpreted, Vv=VM code, C=native code)
V  [jvm.dll+0x683bfa]
V  [jvm.dll+0x8430a4]
V  [jvm.dll+0x8449be]
V  [jvm.dll+0x845023]
V  [jvm.dll+0x24ad2f]
V  [jvm.dll+0xa69cf]
V  [jvm.dll+0x2dd084]
V  [jvm.dll+0x81435c]
V  [jvm.dll+0x36ffe1]
V  [jvm.dll+0x7f396c]
V  [jvm.dll+0x3f305f]
V  [jvm.dll+0x3f4b91]
C  [jli.dll+0x528f]
C  [ucrtbase.dll+0x21bb2]
C  [KERNEL32.DLL+0x17374]
C  [ntdll.dll+0x4cc91]


---------------  P R O C E S S  ---------------

Threads class SMR info:
_java_thread_list=0x00007ff80b98d098, length=0, elements={
}

Java Threads: ( => current thread )

Other Threads:

=>0x000001b9a3802930 (exited) JavaThread "Unknown thread" [_thread_in_vm, id=16896, stack(0x000000831de00000,0x000000831df00000)]

Threads with active compile tasks:

VM state: not at safepoint (not fully initialized)

VM Mutex/Monitor currently owned by a thread: None

Heap address: 0x0000000000000000, size: 0 MB, Compressed Oops mode: 32-bit

CDS archive(s) mapped at: [0x0000000000000000-0x0000000000000000-0x0000000000000000), size 0, SharedBaseAddress: 0x0000000800000000, ArchiveRelocationMode: 0.
Narrow klass base: 0x0000000000000000, Narrow klass shift: 0, Narrow klass range: 0x0

GC Precious Log:
<Empty>

GC Heap History (0 events):
No events

Dll operation events (1 events):
Event: 0.676 Loaded shared library D:\IntelliJ IDEA 2023.2\jbr\bin\java.dll

Deoptimization events (0 events):
No events

Classes unloaded (0 events):
No events

Classes redefined (0 events):
No events

Internal exceptions (0 events):
No events

VM Operations (0 events):
No events

Events (0 events):
No events


Dynamic libraries:
0x00007ff7583a0000 - 0x00007ff7583aa000 	D:\IntelliJ IDEA 2023.2\jbr\bin\java.exe
0x00007ff85f110000 - 0x00007ff85f308000 	C:\WINDOWS\SYSTEM32\ntdll.dll
0x00007ff827b50000 - 0x00007ff827b6a000 	C:\Program Files\Avast Software\Avast\aswhook.dll
0x00007ff85e040000 - 0x00007ff85e102000 	C:\WINDOWS\System32\KERNEL32.DLL
0x00007ff85bdc0000 - 0x00007ff85c0be000 	C:\WINDOWS\System32\KERNELBASE.dll
0x00007ff85c5d0000 - 0x00007ff85c6d0000 	C:\WINDOWS\System32\ucrtbase.dll
0x00007ff82a5c0000 - 0x00007ff82a5d7000 	D:\IntelliJ IDEA 2023.2\jbr\bin\jli.dll
0x00007ff833520000 - 0x00007ff83353b000 	D:\IntelliJ IDEA 2023.2\jbr\bin\VCRUNTIME140.dll
0x00007ff85ef30000 - 0x00007ff85f0cd000 	C:\WINDOWS\System32\USER32.dll
0x00007ff839d10000 - 0x00007ff839faa000 	C:\WINDOWS\WinSxS\amd64_microsoft.windows.common-controls_6595b64144ccf1df_6.0.19041.4355_none_60b8b9eb71f62e16\COMCTL32.dll
0x00007ff85c4e0000 - 0x00007ff85c502000 	C:\WINDOWS\System32\win32u.dll
0x00007ff85da20000 - 0x00007ff85da4b000 	C:\WINDOWS\System32\GDI32.dll
0x00007ff85c0c0000 - 0x00007ff85c1d7000 	C:\WINDOWS\System32\gdi32full.dll
0x00007ff85c440000 - 0x00007ff85c4dd000 	C:\WINDOWS\System32\msvcp_win.dll
0x00007ff85e1f0000 - 0x00007ff85e28e000 	C:\WINDOWS\System32\msvcrt.dll
0x00007ff85e1c0000 - 0x00007ff85e1ef000 	C:\WINDOWS\System32\IMM32.DLL
0x00007ff858940000 - 0x00007ff85894c000 	D:\IntelliJ IDEA 2023.2\jbr\bin\vcruntime140_1.dll
0x00007ff80f1e0000 - 0x00007ff80f26d000 	D:\IntelliJ IDEA 2023.2\jbr\bin\msvcp140.dll
0x00007ff80ae50000 - 0x00007ff80bad0000 	D:\IntelliJ IDEA 2023.2\jbr\bin\server\jvm.dll
0x00007ff85c780000 - 0x00007ff85c831000 	C:\WINDOWS\System32\ADVAPI32.dll
0x00007ff85d920000 - 0x00007ff85d9bf000 	C:\WINDOWS\System32\sechost.dll
0x00007ff85ee00000 - 0x00007ff85ef23000 	C:\WINDOWS\System32\RPCRT4.dll
0x00007ff85c5a0000 - 0x00007ff85c5c7000 	C:\WINDOWS\System32\bcrypt.dll
0x00007ff84c530000 - 0x00007ff84c539000 	C:\WINDOWS\SYSTEM32\WSOCK32.dll
0x00007ff854f80000 - 0x00007ff854fa7000 	C:\WINDOWS\SYSTEM32\WINMM.dll
0x00007ff8550d0000 - 0x00007ff8550da000 	C:\WINDOWS\SYSTEM32\VERSION.dll
0x00007ff85c840000 - 0x00007ff85c8ab000 	C:\WINDOWS\System32\WS2_32.dll
0x00007ff859c30000 - 0x00007ff859c42000 	C:\WINDOWS\SYSTEM32\kernel.appcore.dll
0x00007ff84f3f0000 - 0x00007ff84f3fa000 	D:\IntelliJ IDEA 2023.2\jbr\bin\jimage.dll
0x00007ff8530e0000 - 0x00007ff8532c4000 	C:\WINDOWS\SYSTEM32\DBGHELP.DLL
0x00007ff84fec0000 - 0x00007ff84fef4000 	C:\WINDOWS\SYSTEM32\dbgcore.DLL
0x00007ff85c510000 - 0x00007ff85c592000 	C:\WINDOWS\System32\bcryptPrimitives.dll
0x00007ff8363f0000 - 0x00007ff836415000 	D:\IntelliJ IDEA 2023.2\jbr\bin\java.dll

dbghelp: loaded successfully - version: 4.0.5 - missing functions: none
symbol engine: initialized successfully - sym options: 0x614 - pdb path: .;D:\IntelliJ IDEA 2023.2\jbr\bin;C:\WINDOWS\SYSTEM32;C:\Program Files\Avast Software\Avast;C:\WINDOWS\WinSxS\amd64_microsoft.windows.common-controls_6595b64144ccf1df_6.0.19041.4355_none_60b8b9eb71f62e16;D:\IntelliJ IDEA 2023.2\jbr\bin\server

VM Arguments:
java_command: git4idea.http.GitAskPassApp Password for 'https://micz2002@github.com': 
java_class_path (initial): D:/IntelliJ IDEA 2023.2/plugins/vcs-git/lib/git4idea-rt.jar;D:/IntelliJ IDEA 2023.2/lib/externalProcess-rt.jar
Launcher Type: SUN_STANDARD

[Global flags]
     intx CICompilerCount                          = 3                                         {product} {ergonomic}
     uint ConcGCThreads                            = 1                                         {product} {ergonomic}
     uint G1ConcRefinementThreads                  = 4                                         {product} {ergonomic}
   size_t G1HeapRegionSize                         = 2097152                                   {product} {ergonomic}
    uintx GCDrainStackTargetSize                   = 64                                        {product} {ergonomic}
   size_t InitialHeapSize                          = 268435456                                 {product} {ergonomic}
   size_t MarkStackSize                            = 4194304                                   {product} {ergonomic}
   size_t MaxHeapSize                              = 4278190080                                {product} {ergonomic}
   size_t MinHeapDeltaBytes                        = 2097152                                   {product} {ergonomic}
   size_t MinHeapSize                              = 8388608                                   {product} {ergonomic}
    uintx NonNMethodCodeHeapSize                   = 5832780                                {pd product} {ergonomic}
    uintx NonProfiledCodeHeapSize                  = 122912730                              {pd product} {ergonomic}
    uintx ProfiledCodeHeapSize                     = 122912730                              {pd product} {ergonomic}
    uintx ReservedCodeCacheSize                    = 251658240                              {pd product} {ergonomic}
     bool SegmentedCodeCache                       = true                                      {product} {ergonomic}
   size_t SoftMaxHeapSize                          = 4278190080                             {manageable} {ergonomic}
     bool UseCompressedClassPointers               = true                           {product lp64_product} {ergonomic}
     bool UseCompressedOops                        = true                           {product lp64_product} {ergonomic}
     bool UseG1GC                                  = true                                      {product} {ergonomic}
     bool UseLargePagesIndividualAllocation        = false                                  {pd product} {ergonomic}

Logging:
Log output configuration:
 #0: stdout all=warning uptime,level,tags
 #1: stderr all=off uptime,level,tags

Environment Variables:
PATH=C:/Program Files/Git/mingw64/libexec/git-core;C:/Program Files/Git/mingw64/libexec/git-core;C:\Program Files\Git\mingw64\bin;C:\Program Files\Git\usr\bin;C:\Users\Mody\bin;D:\.jdks\java 21\bin;D:\TIA portal 17\SCADA-RT_V11\WinCC\Bin;C:\Program Files\Common Files\Siemens\Automation\Simatic OAM\bin;C:\Program Files (x86)\Common Files\Siemens\Bin;C:\Program Files (x86)\Common Files\Siemens\CommonArchiving;C:\Program Files (x86)\Common Files\Siemens\ACE\Bin;D:\Python\Scripts\;D:\Python\;C:\Program Files\Common Files\Oracle\Java\javapath;C:\Program Files (x86)\Common Files\Oracle\Java\javapath;D:\C__BUI~1\Bin;D:\C__BUI~1\Projects\Bpl;C:\ProgramData\Oracle\Java\javapath;C:\Program Files\Common Files\Microsoft Shared\Windows Live;C:\Program Files (x86)\NVIDIA Corporation\PhysX\Common;C:\Program Files (x86)\Intel\iCLS Client\;C:\Program Files\Intel\iCLS Client\;C:\WINDOWS\system32;C:\WINDOWS;C:\WINDOWS\System32\Wbem;C:\WINDOWS\System32\WindowsPowerShell\v1.0\;C:\Program Files\Intel\Intel(R) Management Engine Components\DAL;C:\Program Files (x86)\Intel\Intel(R) Management Engine Components\DAL;C:\Program Files\Intel\Intel(R) Management Engine Components\IPT;C:\Program Files (x86)\Intel\Intel(R) Management Engine Components\IPT;C:\Program Files (x86)\ATI Technologies\ATI.ACE\Core-Static;C:\Program Files (x86)\AMD\ATI.ACE\Core-Static;C:\Program Files (x86)\ImageConverter Plus;C:\Program Files (x86)\GtkSharp\2.12\bin;D:\QuickTime\QTSystem\;C:\Program Files\dotnet\;C:\Program Files (x86)\dotnet\;C:\WINDOWS\System32\OpenSSH\;D;C:\Program Files\Git\cmd;E:\maven\apache-maven-3.9.1\bin;C:\Program Files\Docker\Docker\resources\bin;C:\Program Files\Microsoft SQL Server\Client SDK\ODBC\130\Tools\Binn\;C:\Program Files (x86)\Microsoft SQL Server\140\Tools\Binn\;C:\Program Files\Microsoft SQL Server\140\Tools\Binn\;C:\Program Files\Microsoft SQL Server\140\DTS\Binn\;D:\TIA portal 17\SCADA-RT_V11\WinCC\Interfaces;C:\Program Files (x86)\Common Files\Siemens\;C:\Program Files (x86)\Common
USERNAME=Mody
DISPLAY=:0.0
LC_ALL=en_US.UTF-8
TERM=xterm-256color
TMPDIR=C:\Users\Mody\AppData\Local\Temp
OS=Windows_NT
PROCESSOR_IDENTIFIER=Intel64 Family 6 Model 60 Stepping 3, GenuineIntel
TMP=C:\Users\Mody\AppData\Local\Temp
TEMP=C:\Users\Mody\AppData\Local\Temp


JNI global refs:
JNI global refs: 0, weak refs: 0

JNI global refs memory usage: 0, weak refs: 0

OOME stack traces (most recent first):
Classloader memory used:


---------------  S Y S T E M  ---------------

OS:
 Windows 10 , 64 bit Build 19041 (10.0.19041.5072)
OS uptime: 0 days 8:12 hours
Hyper-V role detected

CPU: total 4 (initial active 4) (4 cores per cpu, 1 threads per core) family 6 model 60 stepping 3 microcode 0x27, cx8, cmov, fxsr, mmx, sse, sse2, sse3, ssse3, sse4.1, sse4.2, popcnt, lzcnt, tsc, tscinvbit, avx, avx2, aes, erms, clmul, bmi1, bmi2, fma, vzeroupper, clflush, hv

Memory: 4k page, system-wide physical 16317M (129M free)
TotalPageFile size 45979M (AvailPageFile size 11M)
current process WorkingSet (physical memory assigned to process): 10M, peak: 10M
current process commit charge ("private bytes"): 11M, peak: 12M

vm_info: OpenJDK 64-Bit Server VM (17.0.7+7-b1000.6) for windows-amd64 JRE (17.0.7+7-b1000.6), built on 2023-07-07 by "builduser" with MS VC++ 16.10 / 16.11 (VS2019)

END.
